  AppDelegate.cpp
  bezier.cpp
  CitizenUnits.cpp
  Collocate.cpp
  Control.cpp
  HelloWorldScene.cpp
  InGame.cpp
  MainUnit.cpp
d:\폭\3_프로그래밍_이원혁_나현강_이정준_오현식\asdf\cocos2d\cocos\physics\ccphysicsbody.h : warning C4819: 현재 코드 페이지(949)에서 표시할 수 없는 문자가 파일에 들어 있습니다. 데이터가 손실되지 않게 하려면 해당 파일을 유니코드 형식으로 저장하십시오. (소스 파일 컴파일 중 ..\Classes\HelloWorldScene.cpp)
d:\폭\3_프로그래밍_이원혁_나현강_이정준_오현식\asdf\cocos2d\cocos\physics\ccphysicsbody.h : warning C4819: 현재 코드 페이지(949)에서 표시할 수 없는 문자가 파일에 들어 있습니다. 데이터가 손실되지 않게 하려면 해당 파일을 유니코드 형식으로 저장하십시오. (소스 파일 컴파일 중 ..\Classes\bezier.cpp)
d:\폭\3_프로그래밍_이원혁_나현강_이정준_오현식\asdf\cocos2d\cocos\physics\ccphysicsshape.h : warning C4819: 현재 코드 페이지(949)에서 표시할 수 없는 문자가 파일에 들어 있습니다. 데이터가 손실되지 않게 하려면 해당 파일을 유니코드 형식으로 저장하십시오. (소스 파일 컴파일 중 ..\Classes\HelloWorldScene.cpp)
d:\폭\3_프로그래밍_이원혁_나현강_이정준_오현식\asdf\cocos2d\cocos\physics\ccphysicsshape.h : warning C4819: 현재 코드 페이지(949)에서 표시할 수 없는 문자가 파일에 들어 있습니다. 데이터가 손실되지 않게 하려면 해당 파일을 유니코드 형식으로 저장하십시오. (소스 파일 컴파일 중 ..\Classes\bezier.cpp)
d:\폭\3_프로그래밍_이원혁_나현강_이정준_오현식\asdf\cocos2d\cocos\physics\ccphysicsbody.h : warning C4819: 현재 코드 페이지(949)에서 표시할 수 없는 문자가 파일에 들어 있습니다. 데이터가 손실되지 않게 하려면 해당 파일을 유니코드 형식으로 저장하십시오. (소스 파일 컴파일 중 ..\Classes\MainUnit.cpp)
d:\폭\3_프로그래밍_이원혁_나현강_이정준_오현식\asdf\cocos2d\cocos\physics\ccphysicsshape.h : warning C4819: 현재 코드 페이지(949)에서 표시할 수 없는 문자가 파일에 들어 있습니다. 데이터가 손실되지 않게 하려면 해당 파일을 유니코드 형식으로 저장하십시오. (소스 파일 컴파일 중 ..\Classes\MainUnit.cpp)
d:\폭\3_프로그래밍_이원혁_나현강_이정준_오현식\asdf\cocos2d\cocos\physics\ccphysicsbody.h : warning C4819: 현재 코드 페이지(949)에서 표시할 수 없는 문자가 파일에 들어 있습니다. 데이터가 손실되지 않게 하려면 해당 파일을 유니코드 형식으로 저장하십시오. (소스 파일 컴파일 중 ..\Classes\Collocate.cpp)
d:\폭\3_프로그래밍_이원혁_나현강_이정준_오현식\asdf\cocos2d\cocos\physics\ccphysicsshape.h : warning C4819: 현재 코드 페이지(949)에서 표시할 수 없는 문자가 파일에 들어 있습니다. 데이터가 손실되지 않게 하려면 해당 파일을 유니코드 형식으로 저장하십시오. (소스 파일 컴파일 중 ..\Classes\Collocate.cpp)
d:\폭\3_프로그래밍_이원혁_나현강_이정준_오현식\asdf\cocos2d\cocos\physics\ccphysicsbody.h : warning C4819: 현재 코드 페이지(949)에서 표시할 수 없는 문자가 파일에 들어 있습니다. 데이터가 손실되지 않게 하려면 해당 파일을 유니코드 형식으로 저장하십시오. (소스 파일 컴파일 중 ..\Classes\AppDelegate.cpp)
d:\폭\3_프로그래밍_이원혁_나현강_이정준_오현식\asdf\cocos2d\cocos\physics\ccphysicsshape.h : warning C4819: 현재 코드 페이지(949)에서 표시할 수 없는 문자가 파일에 들어 있습니다. 데이터가 손실되지 않게 하려면 해당 파일을 유니코드 형식으로 저장하십시오. (소스 파일 컴파일 중 ..\Classes\AppDelegate.cpp)
d:\폭\3_프로그래밍_이원혁_나현강_이정준_오현식\asdf\cocos2d\cocos\physics\ccphysicsbody.h : warning C4819: 현재 코드 페이지(949)에서 표시할 수 없는 문자가 파일에 들어 있습니다. 데이터가 손실되지 않게 하려면 해당 파일을 유니코드 형식으로 저장하십시오. (소스 파일 컴파일 중 ..\Classes\Control.cpp)
d:\폭\3_프로그래밍_이원혁_나현강_이정준_오현식\asdf\cocos2d\cocos\physics\ccphysicsbody.h : warning C4819: 현재 코드 페이지(949)에서 표시할 수 없는 문자가 파일에 들어 있습니다. 데이터가 손실되지 않게 하려면 해당 파일을 유니코드 형식으로 저장하십시오. (소스 파일 컴파일 중 ..\Classes\CitizenUnits.cpp)
d:\폭\3_프로그래밍_이원혁_나현강_이정준_오현식\asdf\cocos2d\cocos\physics\ccphysicsshape.h : warning C4819: 현재 코드 페이지(949)에서 표시할 수 없는 문자가 파일에 들어 있습니다. 데이터가 손실되지 않게 하려면 해당 파일을 유니코드 형식으로 저장하십시오. (소스 파일 컴파일 중 ..\Classes\Control.cpp)
d:\폭\3_프로그래밍_이원혁_나현강_이정준_오현식\asdf\cocos2d\cocos\physics\ccphysicsshape.h : warning C4819: 현재 코드 페이지(949)에서 표시할 수 없는 문자가 파일에 들어 있습니다. 데이터가 손실되지 않게 하려면 해당 파일을 유니코드 형식으로 저장하십시오. (소스 파일 컴파일 중 ..\Classes\CitizenUnits.cpp)
d:\폭\3_프로그래밍_이원혁_나현강_이정준_오현식\asdf\cocos2d\cocos\physics\ccphysicsbody.h : warning C4819: 현재 코드 페이지(949)에서 표시할 수 없는 문자가 파일에 들어 있습니다. 데이터가 손실되지 않게 하려면 해당 파일을 유니코드 형식으로 저장하십시오. (소스 파일 컴파일 중 ..\Classes\InGame.cpp)
d:\폭\3_프로그래밍_이원혁_나현강_이정준_오현식\asdf\cocos2d\cocos\physics\ccphysicsshape.h : warning C4819: 현재 코드 페이지(949)에서 표시할 수 없는 문자가 파일에 들어 있습니다. 데이터가 손실되지 않게 하려면 해당 파일을 유니코드 형식으로 저장하십시오. (소스 파일 컴파일 중 ..\Classes\InGame.cpp)
d:\폭\3_프로그래밍_이원혁_나현강_이정준_오현식\asdf\cocos2d\cocos\base\ccutf8.h : warning C4819: 현재 코드 페이지(949)에서 표시할 수 없는 문자가 파일에 들어 있습니다. 데이터가 손실되지 않게 하려면 해당 파일을 유니코드 형식으로 저장하십시오. (소스 파일 컴파일 중 ..\Classes\bezier.cpp)
d:\폭\3_프로그래밍_이원혁_나현강_이정준_오현식\asdf\cocos2d\cocos\base\ccutf8.h : warning C4819: 현재 코드 페이지(949)에서 표시할 수 없는 문자가 파일에 들어 있습니다. 데이터가 손실되지 않게 하려면 해당 파일을 유니코드 형식으로 저장하십시오. (소스 파일 컴파일 중 ..\Classes\HelloWorldScene.cpp)
d:\폭\3_프로그래밍_이원혁_나현강_이정준_오현식\asdf\cocos2d\cocos\base\ccutf8.h : warning C4819: 현재 코드 페이지(949)에서 표시할 수 없는 문자가 파일에 들어 있습니다. 데이터가 손실되지 않게 하려면 해당 파일을 유니코드 형식으로 저장하십시오. (소스 파일 컴파일 중 ..\Classes\MainUnit.cpp)
d:\폭\3_프로그래밍_이원혁_나현강_이정준_오현식\asdf\cocos2d\cocos\base\ccutf8.h : warning C4819: 현재 코드 페이지(949)에서 표시할 수 없는 문자가 파일에 들어 있습니다. 데이터가 손실되지 않게 하려면 해당 파일을 유니코드 형식으로 저장하십시오. (소스 파일 컴파일 중 ..\Classes\CitizenUnits.cpp)
d:\폭\3_프로그래밍_이원혁_나현강_이정준_오현식\asdf\cocos2d\cocos\base\ccutf8.h : warning C4819: 현재 코드 페이지(949)에서 표시할 수 없는 문자가 파일에 들어 있습니다. 데이터가 손실되지 않게 하려면 해당 파일을 유니코드 형식으로 저장하십시오. (소스 파일 컴파일 중 ..\Classes\Collocate.cpp)
d:\폭\3_프로그래밍_이원혁_나현강_이정준_오현식\asdf\cocos2d\cocos\base\ccutf8.h : warning C4819: 현재 코드 페이지(949)에서 표시할 수 없는 문자가 파일에 들어 있습니다. 데이터가 손실되지 않게 하려면 해당 파일을 유니코드 형식으로 저장하십시오. (소스 파일 컴파일 중 ..\Classes\AppDelegate.cpp)
d:\폭\3_프로그래밍_이원혁_나현강_이정준_오현식\asdf\cocos2d\cocos\base\ccutf8.h : warning C4819: 현재 코드 페이지(949)에서 표시할 수 없는 문자가 파일에 들어 있습니다. 데이터가 손실되지 않게 하려면 해당 파일을 유니코드 형식으로 저장하십시오. (소스 파일 컴파일 중 ..\Classes\Control.cpp)
d:\폭\3_프로그래밍_이원혁_나현강_이정준_오현식\asdf\cocos2d\cocos\base\ccutf8.h : warning C4819: 현재 코드 페이지(949)에서 표시할 수 없는 문자가 파일에 들어 있습니다. 데이터가 손실되지 않게 하려면 해당 파일을 유니코드 형식으로 저장하십시오. (소스 파일 컴파일 중 ..\Classes\InGame.cpp)
d:\폭\3_프로그래밍_이원혁_나현강_이정준_오현식\asdf\cocos2d\cocos\platform\ccsaxparser.h : warning C4819: 현재 코드 페이지(949)에서 표시할 수 없는 문자가 파일에 들어 있습니다. 데이터가 손실되지 않게 하려면 해당 파일을 유니코드 형식으로 저장하십시오. (소스 파일 컴파일 중 ..\Classes\bezier.cpp)
d:\폭\3_프로그래밍_이원혁_나현강_이정준_오현식\asdf\cocos2d\cocos\platform\ccsaxparser.h : warning C4819: 현재 코드 페이지(949)에서 표시할 수 없는 문자가 파일에 들어 있습니다. 데이터가 손실되지 않게 하려면 해당 파일을 유니코드 형식으로 저장하십시오. (소스 파일 컴파일 중 ..\Classes\HelloWorldScene.cpp)
d:\폭\3_프로그래밍_이원혁_나현강_이정준_오현식\asdf\cocos2d\cocos\platform\ccsaxparser.h : warning C4819: 현재 코드 페이지(949)에서 표시할 수 없는 문자가 파일에 들어 있습니다. 데이터가 손실되지 않게 하려면 해당 파일을 유니코드 형식으로 저장하십시오. (소스 파일 컴파일 중 ..\Classes\MainUnit.cpp)
d:\폭\3_프로그래밍_이원혁_나현강_이정준_오현식\asdf\cocos2d\cocos\platform\ccsaxparser.h : warning C4819: 현재 코드 페이지(949)에서 표시할 수 없는 문자가 파일에 들어 있습니다. 데이터가 손실되지 않게 하려면 해당 파일을 유니코드 형식으로 저장하십시오. (소스 파일 컴파일 중 ..\Classes\CitizenUnits.cpp)
d:\폭\3_프로그래밍_이원혁_나현강_이정준_오현식\asdf\cocos2d\cocos\platform\ccsaxparser.h : warning C4819: 현재 코드 페이지(949)에서 표시할 수 없는 문자가 파일에 들어 있습니다. 데이터가 손실되지 않게 하려면 해당 파일을 유니코드 형식으로 저장하십시오. (소스 파일 컴파일 중 ..\Classes\AppDelegate.cpp)
d:\폭\3_프로그래밍_이원혁_나현강_이정준_오현식\asdf\cocos2d\cocos\platform\ccsaxparser.h : warning C4819: 현재 코드 페이지(949)에서 표시할 수 없는 문자가 파일에 들어 있습니다. 데이터가 손실되지 않게 하려면 해당 파일을 유니코드 형식으로 저장하십시오. (소스 파일 컴파일 중 ..\Classes\Collocate.cpp)
d:\폭\3_프로그래밍_이원혁_나현강_이정준_오현식\asdf\cocos2d\cocos\platform\ccsaxparser.h : warning C4819: 현재 코드 페이지(949)에서 표시할 수 없는 문자가 파일에 들어 있습니다. 데이터가 손실되지 않게 하려면 해당 파일을 유니코드 형식으로 저장하십시오. (소스 파일 컴파일 중 ..\Classes\Control.cpp)
d:\폭\3_프로그래밍_이원혁_나현강_이정준_오현식\asdf\cocos2d\cocos\platform\ccsaxparser.h : warning C4819: 현재 코드 페이지(949)에서 표시할 수 없는 문자가 파일에 들어 있습니다. 데이터가 손실되지 않게 하려면 해당 파일을 유니코드 형식으로 저장하십시오. (소스 파일 컴파일 중 ..\Classes\InGame.cpp)
d:\폭\3_프로그래밍_이원혁_나현강_이정준_오현식\asdf\classes\helloworldscene.cpp(54): warning C4305: '인수': 'double'에서 'float'(으)로 잘립니다. (소스 파일 컴파일 중 ..\Classes\HelloWorldScene.cpp)
d:\폭\3_프로그래밍_이원혁_나현강_이정준_오현식\asdf\classes\helloworldscene.cpp(92): warning C4996: 'cocos2d::Layer::setTouchEnabled': deprecated로 선언되었습니다. (소스 파일 컴파일 중 ..\Classes\HelloWorldScene.cpp)
  d:\폭\3_프로그래밍_이원혁_나현강_이정준_오현식\asdf\cocos2d\cocos\2d\cclayer.h(179): note: 'cocos2d::Layer::setTouchEnabled' 선언을 참조하십시오. (소스 파일 컴파일 중 ..\Classes\HelloWorldScene.cpp)
d:\폭\3_프로그래밍_이원혁_나현강_이정준_오현식\asdf\classes\helloworldscene.cpp(93): warning C4996: 'cocos2d::Layer::setTouchMode': deprecated로 선언되었습니다. (소스 파일 컴파일 중 ..\Classes\HelloWorldScene.cpp)
  d:\폭\3_프로그래밍_이원혁_나현강_이정준_오현식\asdf\cocos2d\cocos\2d\cclayer.h(181): note: 'cocos2d::Layer::setTouchMode' 선언을 참조하십시오. (소스 파일 컴파일 중 ..\Classes\HelloWorldScene.cpp)
d:\폭\3_프로그래밍_이원혁_나현강_이정준_오현식\asdf\classes\appdelegate.cpp(54): warning C4305: '인수': 'double'에서 'float'(으)로 잘립니다. (소스 파일 컴파일 중 ..\Classes\AppDelegate.cpp)
d:\폭\3_프로그래밍_이원혁_나현강_이정준_오현식\asdf\classes\collocate.cpp(67): warning C4305: '인수': 'double'에서 'float'(으)로 잘립니다. (소스 파일 컴파일 중 ..\Classes\Collocate.cpp)
d:\폭\3_프로그래밍_이원혁_나현강_이정준_오현식\asdf\classes\collocate.cpp(84): warning C4305: '인수': 'double'에서 'float'(으)로 잘립니다. (소스 파일 컴파일 중 ..\Classes\Collocate.cpp)
d:\폭\3_프로그래밍_이원혁_나현강_이정준_오현식\asdf\classes\collocate.cpp(86): warning C4305: '인수': 'double'에서 'float'(으)로 잘립니다. (소스 파일 컴파일 중 ..\Classes\Collocate.cpp)
d:\폭\3_프로그래밍_이원혁_나현강_이정준_오현식\asdf\classes\collocate.cpp(93): warning C4305: '인수': 'double'에서 'float'(으)로 잘립니다. (소스 파일 컴파일 중 ..\Classes\Collocate.cpp)
d:\폭\3_프로그래밍_이원혁_나현강_이정준_오현식\asdf\classes\collocate.cpp(95): warning C4305: '인수': 'double'에서 'float'(으)로 잘립니다. (소스 파일 컴파일 중 ..\Classes\Collocate.cpp)
d:\폭\3_프로그래밍_이원혁_나현강_이정준_오현식\asdf\classes\collocate.cpp(102): warning C4305: '인수': 'double'에서 'float'(으)로 잘립니다. (소스 파일 컴파일 중 ..\Classes\Collocate.cpp)
d:\폭\3_프로그래밍_이원혁_나현강_이정준_오현식\asdf\classes\collocate.cpp(104): warning C4305: '인수': 'double'에서 'float'(으)로 잘립니다. (소스 파일 컴파일 중 ..\Classes\Collocate.cpp)
d:\폭\3_프로그래밍_이원혁_나현강_이정준_오현식\asdf\classes\collocate.cpp(35): warning C4996: 'cocos2d::Layer::setTouchEnabled': deprecated로 선언되었습니다. (소스 파일 컴파일 중 ..\Classes\Collocate.cpp)
  d:\폭\3_프로그래밍_이원혁_나현강_이정준_오현식\asdf\cocos2d\cocos\2d\cclayer.h(179): note: 'cocos2d::Layer::setTouchEnabled' 선언을 참조하십시오. (소스 파일 컴파일 중 ..\Classes\Collocate.cpp)
d:\폭\3_프로그래밍_이원혁_나현강_이정준_오현식\asdf\classes\collocate.cpp(36): warning C4996: 'cocos2d::Layer::setTouchMode': deprecated로 선언되었습니다. (소스 파일 컴파일 중 ..\Classes\Collocate.cpp)
  d:\폭\3_프로그래밍_이원혁_나현강_이정준_오현식\asdf\cocos2d\cocos\2d\cclayer.h(181): note: 'cocos2d::Layer::setTouchMode' 선언을 참조하십시오. (소스 파일 컴파일 중 ..\Classes\Collocate.cpp)
d:\폭\3_프로그래밍_이원혁_나현강_이정준_오현식\asdf\classes\ingame.cpp(216): warning C4305: '인수': 'double'에서 'float'(으)로 잘립니다. (소스 파일 컴파일 중 ..\Classes\InGame.cpp)
d:\폭\3_프로그래밍_이원혁_나현강_이정준_오현식\asdf\classes\ingame.cpp(272): warning C4305: '인수': 'double'에서 'float'(으)로 잘립니다. (소스 파일 컴파일 중 ..\Classes\InGame.cpp)
d:\폭\3_프로그래밍_이원혁_나현강_이정준_오현식\asdf\classes\ingame.cpp(283): warning C4305: '인수': 'double'에서 'float'(으)로 잘립니다. (소스 파일 컴파일 중 ..\Classes\InGame.cpp)
d:\폭\3_프로그래밍_이원혁_나현강_이정준_오현식\asdf\classes\ingame.cpp(321): warning C4305: '인수': 'double'에서 'float'(으)로 잘립니다. (소스 파일 컴파일 중 ..\Classes\InGame.cpp)
d:\폭\3_프로그래밍_이원혁_나현강_이정준_오현식\asdf\classes\ingame.cpp(327): warning C4305: '인수': 'double'에서 'float'(으)로 잘립니다. (소스 파일 컴파일 중 ..\Classes\InGame.cpp)
d:\폭\3_프로그래밍_이원혁_나현강_이정준_오현식\asdf\classes\ingame.cpp(328): warning C4305: '인수': 'double'에서 'float'(으)로 잘립니다. (소스 파일 컴파일 중 ..\Classes\InGame.cpp)
d:\폭\3_프로그래밍_이원혁_나현강_이정준_오현식\asdf\classes\ingame.cpp(329): warning C4305: '인수': 'int'에서 'GLubyte'(으)로 잘립니다. (소스 파일 컴파일 중 ..\Classes\InGame.cpp)
d:\폭\3_프로그래밍_이원혁_나현강_이정준_오현식\asdf\classes\ingame.cpp(329): warning C4309: '인수': 상수 값이 잘립니다. (소스 파일 컴파일 중 ..\Classes\InGame.cpp)
d:\폭\3_프로그래밍_이원혁_나현강_이정준_오현식\asdf\classes\ingame.cpp(335): warning C4305: '인수': 'double'에서 'float'(으)로 잘립니다. (소스 파일 컴파일 중 ..\Classes\InGame.cpp)
d:\폭\3_프로그래밍_이원혁_나현강_이정준_오현식\asdf\classes\ingame.cpp(336): warning C4305: '인수': 'int'에서 'GLubyte'(으)로 잘립니다. (소스 파일 컴파일 중 ..\Classes\InGame.cpp)
d:\폭\3_프로그래밍_이원혁_나현강_이정준_오현식\asdf\classes\ingame.cpp(336): warning C4309: '인수': 상수 값이 잘립니다. (소스 파일 컴파일 중 ..\Classes\InGame.cpp)
d:\폭\3_프로그래밍_이원혁_나현강_이정준_오현식\asdf\classes\ingame.cpp(36): warning C4996: 'cocos2d::Layer::setTouchEnabled': deprecated로 선언되었습니다. (소스 파일 컴파일 중 ..\Classes\InGame.cpp)
  d:\폭\3_프로그래밍_이원혁_나현강_이정준_오현식\asdf\cocos2d\cocos\2d\cclayer.h(179): note: 'cocos2d::Layer::setTouchEnabled' 선언을 참조하십시오. (소스 파일 컴파일 중 ..\Classes\InGame.cpp)
d:\폭\3_프로그래밍_이원혁_나현강_이정준_오현식\asdf\classes\ingame.cpp(37): warning C4996: 'cocos2d::Layer::setTouchMode': deprecated로 선언되었습니다. (소스 파일 컴파일 중 ..\Classes\InGame.cpp)
  d:\폭\3_프로그래밍_이원혁_나현강_이정준_오현식\asdf\cocos2d\cocos\2d\cclayer.h(181): note: 'cocos2d::Layer::setTouchMode' 선언을 참조하십시오. (소스 파일 컴파일 중 ..\Classes\InGame.cpp)
d:\폭\3_프로그래밍_이원혁_나현강_이정준_오현식\asdf\classes\ingame.cpp(40): warning C4996: 'cocos2d::Layer::setKeyboardEnabled': deprecated로 선언되었습니다. (소스 파일 컴파일 중 ..\Classes\InGame.cpp)
  d:\폭\3_프로그래밍_이원혁_나현강_이정준_오현식\asdf\cocos2d\cocos\2d\cclayer.h(207): note: 'cocos2d::Layer::setKeyboardEnabled' 선언을 참조하십시오. (소스 파일 컴파일 중 ..\Classes\InGame.cpp)
d:\폭\3_프로그래밍_이원혁_나현강_이정준_오현식\asdf\classes\ingame.cpp(1223): warning C4305: '인수': 'int'에서 'float'(으)로 잘립니다. (소스 파일 컴파일 중 ..\Classes\InGame.cpp)
d:\폭\3_프로그래밍_이원혁_나현강_이정준_오현식\asdf\classes\ingame.cpp(1271): warning C4305: '인수': 'int'에서 'float'(으)로 잘립니다. (소스 파일 컴파일 중 ..\Classes\InGame.cpp)
d:\폭\3_프로그래밍_이원혁_나현강_이정준_오현식\asdf\classes\ingame.cpp(1361): warning C4996: 'cocos2d::Node::pauseSchedulerAndActions': deprecated로 선언되었습니다. (소스 파일 컴파일 중 ..\Classes\InGame.cpp)
  d:\폭\3_프로그래밍_이원혁_나현강_이정준_오현식\asdf\cocos2d\cocos\2d\ccnode.h(1482): note: 'cocos2d::Node::pauseSchedulerAndActions' 선언을 참조하십시오. (소스 파일 컴파일 중 ..\Classes\InGame.cpp)
d:\폭\3_프로그래밍_이원혁_나현강_이정준_오현식\asdf\classes\ingame.cpp(1403): warning C4996: 'cocos2d::Node::resumeSchedulerAndActions': deprecated로 선언되었습니다. (소스 파일 컴파일 중 ..\Classes\InGame.cpp)
  d:\폭\3_프로그래밍_이원혁_나현강_이정준_오현식\asdf\cocos2d\cocos\2d\ccnode.h(1477): note: 'cocos2d::Node::resumeSchedulerAndActions' 선언을 참조하십시오. (소스 파일 컴파일 중 ..\Classes\InGame.cpp)
  Map.cpp
  PoliceUnits.cpp
  store.cpp
  UnitChoice.cpp
  UnitsAddress.cpp
  main.cpp
d:\폭\3_프로그래밍_이원혁_나현강_이정준_오현식\asdf\cocos2d\cocos\physics\ccphysicsbody.h : warning C4819: 현재 코드 페이지(949)에서 표시할 수 없는 문자가 파일에 들어 있습니다. 데이터가 손실되지 않게 하려면 해당 파일을 유니코드 형식으로 저장하십시오. (소스 파일 컴파일 중 main.cpp)
d:\폭\3_프로그래밍_이원혁_나현강_이정준_오현식\asdf\cocos2d\cocos\physics\ccphysicsshape.h : warning C4819: 현재 코드 페이지(949)에서 표시할 수 없는 문자가 파일에 들어 있습니다. 데이터가 손실되지 않게 하려면 해당 파일을 유니코드 형식으로 저장하십시오. (소스 파일 컴파일 중 main.cpp)
d:\폭\3_프로그래밍_이원혁_나현강_이정준_오현식\asdf\cocos2d\cocos\physics\ccphysicsbody.h : warning C4819: 현재 코드 페이지(949)에서 표시할 수 없는 문자가 파일에 들어 있습니다. 데이터가 손실되지 않게 하려면 해당 파일을 유니코드 형식으로 저장하십시오. (소스 파일 컴파일 중 ..\Classes\store.cpp)
d:\폭\3_프로그래밍_이원혁_나현강_이정준_오현식\asdf\cocos2d\cocos\physics\ccphysicsshape.h : warning C4819: 현재 코드 페이지(949)에서 표시할 수 없는 문자가 파일에 들어 있습니다. 데이터가 손실되지 않게 하려면 해당 파일을 유니코드 형식으로 저장하십시오. (소스 파일 컴파일 중 ..\Classes\store.cpp)
d:\폭\3_프로그래밍_이원혁_나현강_이정준_오현식\asdf\cocos2d\cocos\physics\ccphysicsbody.h : warning C4819: 현재 코드 페이지(949)에서 표시할 수 없는 문자가 파일에 들어 있습니다. 데이터가 손실되지 않게 하려면 해당 파일을 유니코드 형식으로 저장하십시오. (소스 파일 컴파일 중 ..\Classes\PoliceUnits.cpp)
d:\폭\3_프로그래밍_이원혁_나현강_이정준_오현식\asdf\cocos2d\cocos\physics\ccphysicsshape.h : warning C4819: 현재 코드 페이지(949)에서 표시할 수 없는 문자가 파일에 들어 있습니다. 데이터가 손실되지 않게 하려면 해당 파일을 유니코드 형식으로 저장하십시오. (소스 파일 컴파일 중 ..\Classes\PoliceUnits.cpp)
d:\폭\3_프로그래밍_이원혁_나현강_이정준_오현식\asdf\cocos2d\cocos\physics\ccphysicsbody.h : warning C4819: 현재 코드 페이지(949)에서 표시할 수 없는 문자가 파일에 들어 있습니다. 데이터가 손실되지 않게 하려면 해당 파일을 유니코드 형식으로 저장하십시오. (소스 파일 컴파일 중 ..\Classes\UnitsAddress.cpp)
d:\폭\3_프로그래밍_이원혁_나현강_이정준_오현식\asdf\cocos2d\cocos\physics\ccphysicsshape.h : warning C4819: 현재 코드 페이지(949)에서 표시할 수 없는 문자가 파일에 들어 있습니다. 데이터가 손실되지 않게 하려면 해당 파일을 유니코드 형식으로 저장하십시오. (소스 파일 컴파일 중 ..\Classes\UnitsAddress.cpp)
d:\폭\3_프로그래밍_이원혁_나현강_이정준_오현식\asdf\cocos2d\cocos\physics\ccphysicsbody.h : warning C4819: 현재 코드 페이지(949)에서 표시할 수 없는 문자가 파일에 들어 있습니다. 데이터가 손실되지 않게 하려면 해당 파일을 유니코드 형식으로 저장하십시오. (소스 파일 컴파일 중 ..\Classes\UnitChoice.cpp)
d:\폭\3_프로그래밍_이원혁_나현강_이정준_오현식\asdf\cocos2d\cocos\physics\ccphysicsshape.h : warning C4819: 현재 코드 페이지(949)에서 표시할 수 없는 문자가 파일에 들어 있습니다. 데이터가 손실되지 않게 하려면 해당 파일을 유니코드 형식으로 저장하십시오. (소스 파일 컴파일 중 ..\Classes\UnitChoice.cpp)
d:\폭\3_프로그래밍_이원혁_나현강_이정준_오현식\asdf\cocos2d\cocos\physics\ccphysicsbody.h : warning C4819: 현재 코드 페이지(949)에서 표시할 수 없는 문자가 파일에 들어 있습니다. 데이터가 손실되지 않게 하려면 해당 파일을 유니코드 형식으로 저장하십시오. (소스 파일 컴파일 중 ..\Classes\Map.cpp)
d:\폭\3_프로그래밍_이원혁_나현강_이정준_오현식\asdf\cocos2d\cocos\physics\ccphysicsshape.h : warning C4819: 현재 코드 페이지(949)에서 표시할 수 없는 문자가 파일에 들어 있습니다. 데이터가 손실되지 않게 하려면 해당 파일을 유니코드 형식으로 저장하십시오. (소스 파일 컴파일 중 ..\Classes\Map.cpp)
d:\폭\3_프로그래밍_이원혁_나현강_이정준_오현식\asdf\cocos2d\cocos\base\ccutf8.h : warning C4819: 현재 코드 페이지(949)에서 표시할 수 없는 문자가 파일에 들어 있습니다. 데이터가 손실되지 않게 하려면 해당 파일을 유니코드 형식으로 저장하십시오. (소스 파일 컴파일 중 main.cpp)
d:\폭\3_프로그래밍_이원혁_나현강_이정준_오현식\asdf\cocos2d\cocos\base\ccutf8.h : warning C4819: 현재 코드 페이지(949)에서 표시할 수 없는 문자가 파일에 들어 있습니다. 데이터가 손실되지 않게 하려면 해당 파일을 유니코드 형식으로 저장하십시오. (소스 파일 컴파일 중 ..\Classes\PoliceUnits.cpp)
d:\폭\3_프로그래밍_이원혁_나현강_이정준_오현식\asdf\cocos2d\cocos\base\ccutf8.h : warning C4819: 현재 코드 페이지(949)에서 표시할 수 없는 문자가 파일에 들어 있습니다. 데이터가 손실되지 않게 하려면 해당 파일을 유니코드 형식으로 저장하십시오. (소스 파일 컴파일 중 ..\Classes\UnitsAddress.cpp)
d:\폭\3_프로그래밍_이원혁_나현강_이정준_오현식\asdf\cocos2d\cocos\base\ccutf8.h : warning C4819: 현재 코드 페이지(949)에서 표시할 수 없는 문자가 파일에 들어 있습니다. 데이터가 손실되지 않게 하려면 해당 파일을 유니코드 형식으로 저장하십시오. (소스 파일 컴파일 중 ..\Classes\store.cpp)
d:\폭\3_프로그래밍_이원혁_나현강_이정준_오현식\asdf\cocos2d\cocos\base\ccutf8.h : warning C4819: 현재 코드 페이지(949)에서 표시할 수 없는 문자가 파일에 들어 있습니다. 데이터가 손실되지 않게 하려면 해당 파일을 유니코드 형식으로 저장하십시오. (소스 파일 컴파일 중 ..\Classes\UnitChoice.cpp)
d:\폭\3_프로그래밍_이원혁_나현강_이정준_오현식\asdf\cocos2d\cocos\base\ccutf8.h : warning C4819: 현재 코드 페이지(949)에서 표시할 수 없는 문자가 파일에 들어 있습니다. 데이터가 손실되지 않게 하려면 해당 파일을 유니코드 형식으로 저장하십시오. (소스 파일 컴파일 중 ..\Classes\Map.cpp)
d:\폭\3_프로그래밍_이원혁_나현강_이정준_오현식\asdf\cocos2d\cocos\platform\ccsaxparser.h : warning C4819: 현재 코드 페이지(949)에서 표시할 수 없는 문자가 파일에 들어 있습니다. 데이터가 손실되지 않게 하려면 해당 파일을 유니코드 형식으로 저장하십시오. (소스 파일 컴파일 중 main.cpp)
d:\폭\3_프로그래밍_이원혁_나현강_이정준_오현식\asdf\cocos2d\cocos\platform\ccsaxparser.h : warning C4819: 현재 코드 페이지(949)에서 표시할 수 없는 문자가 파일에 들어 있습니다. 데이터가 손실되지 않게 하려면 해당 파일을 유니코드 형식으로 저장하십시오. (소스 파일 컴파일 중 ..\Classes\UnitsAddress.cpp)
d:\폭\3_프로그래밍_이원혁_나현강_이정준_오현식\asdf\cocos2d\cocos\platform\ccsaxparser.h : warning C4819: 현재 코드 페이지(949)에서 표시할 수 없는 문자가 파일에 들어 있습니다. 데이터가 손실되지 않게 하려면 해당 파일을 유니코드 형식으로 저장하십시오. (소스 파일 컴파일 중 ..\Classes\store.cpp)
d:\폭\3_프로그래밍_이원혁_나현강_이정준_오현식\asdf\cocos2d\cocos\platform\ccsaxparser.h : warning C4819: 현재 코드 페이지(949)에서 표시할 수 없는 문자가 파일에 들어 있습니다. 데이터가 손실되지 않게 하려면 해당 파일을 유니코드 형식으로 저장하십시오. (소스 파일 컴파일 중 ..\Classes\UnitChoice.cpp)
d:\폭\3_프로그래밍_이원혁_나현강_이정준_오현식\asdf\cocos2d\cocos\platform\ccsaxparser.h : warning C4819: 현재 코드 페이지(949)에서 표시할 수 없는 문자가 파일에 들어 있습니다. 데이터가 손실되지 않게 하려면 해당 파일을 유니코드 형식으로 저장하십시오. (소스 파일 컴파일 중 ..\Classes\PoliceUnits.cpp)
d:\폭\3_프로그래밍_이원혁_나현강_이정준_오현식\asdf\cocos2d\cocos\platform\ccsaxparser.h : warning C4819: 현재 코드 페이지(949)에서 표시할 수 없는 문자가 파일에 들어 있습니다. 데이터가 손실되지 않게 하려면 해당 파일을 유니코드 형식으로 저장하십시오. (소스 파일 컴파일 중 ..\Classes\Map.cpp)
d:\폭\3_프로그래밍_이원혁_나현강_이정준_오현식\asdf\classes\unitchoice.cpp(117): warning C4305: '인수': 'double'에서 'float'(으)로 잘립니다. (소스 파일 컴파일 중 ..\Classes\UnitChoice.cpp)
d:\폭\3_프로그래밍_이원혁_나현강_이정준_오현식\asdf\classes\unitchoice.cpp(125): warning C4305: '인수': 'double'에서 'float'(으)로 잘립니다. (소스 파일 컴파일 중 ..\Classes\UnitChoice.cpp)
d:\폭\3_프로그래밍_이원혁_나현강_이정준_오현식\asdf\classes\unitchoice.cpp(159): warning C4305: '인수': 'double'에서 'float'(으)로 잘립니다. (소스 파일 컴파일 중 ..\Classes\UnitChoice.cpp)
d:\폭\3_프로그래밍_이원혁_나현강_이정준_오현식\asdf\classes\map.cpp(105): warning C4305: '인수': 'double'에서 'float'(으)로 잘립니다. (소스 파일 컴파일 중 ..\Classes\Map.cpp)
d:\폭\3_프로그래밍_이원혁_나현강_이정준_오현식\asdf\classes\map.cpp(115): warning C4305: '인수': 'double'에서 'float'(으)로 잘립니다. (소스 파일 컴파일 중 ..\Classes\Map.cpp)
d:\폭\3_프로그래밍_이원혁_나현강_이정준_오현식\asdf\classes\map.cpp(125): warning C4305: '인수': 'double'에서 'float'(으)로 잘립니다. (소스 파일 컴파일 중 ..\Classes\Map.cpp)
d:\폭\3_프로그래밍_이원혁_나현강_이정준_오현식\asdf\classes\map.cpp(135): warning C4305: '인수': 'double'에서 'float'(으)로 잘립니다. (소스 파일 컴파일 중 ..\Classes\Map.cpp)
d:\폭\3_프로그래밍_이원혁_나현강_이정준_오현식\asdf\classes\map.cpp(145): warning C4305: '인수': 'double'에서 'float'(으)로 잘립니다. (소스 파일 컴파일 중 ..\Classes\Map.cpp)
d:\폭\3_프로그래밍_이원혁_나현강_이정준_오현식\asdf\classes\map.cpp(155): warning C4305: '인수': 'double'에서 'float'(으)로 잘립니다. (소스 파일 컴파일 중 ..\Classes\Map.cpp)
LINK : fatal error LNK1104: 'glew32.lib' 파일을 열 수 없습니다.
